<?xml version="1.0" encoding="UTF-8"?>
<!-- Generated by org.testng.reporters.JUnitReportReporter -->
<testsuite hostname="ubuntu" failures="1" tests="4" name="sampleListener.SampleTestTestNGClass2" time="0.019" errors="0" timestamp="2023-07-03T14:09:30 IST" skipped="1">
  <testcase classname="sampleListener.SampleTestTestNGClass2" name="TC8" time="0.002">
    <system-out>
      <![CDATA[This TC8 exicution started....
TC8 is running
This TC8 method completed successfully]]>
    </system-out>
  </testcase> <!-- TC8 -->
  <testcase classname="sampleListener.SampleTestTestNGClass2" name="TC5" time="0.003">
    <system-out>
      <![CDATA[This TC5 exicution started....
TC5 is running
This TC5 method completed successfully]]>
    </system-out>
  </testcase> <!-- TC5 -->
  <testcase classname="sampleListener.SampleTestTestNGClass2" name="TC7" time="0.000">
    <skipped/>
    <system-out>
      <![CDATA[This TC7 TC is skipped.....plz check dependent Method]]>
    </system-out>
  </testcase> <!-- TC7 -->
  <testcase classname="sampleListener.SampleTestTestNGClass2" name="TC6" time="0.014">
    <failure message="null" type="java.lang.AssertionError">
      <![CDATA[java.lang.AssertionError: null
at org.testng.Assert.fail(Assert.java:111)
at org.testng.Assert.fail(Assert.java:116)
at sampleListener.SampleTestTestNGClass2.TC6(SampleTestTestNGClass2.java:18)
at java.base/jdk.internal.reflect.NativeMethodAccessorImpl.invoke0(Native Method)
at java.base/jdk.internal.reflect.NativeMethodAccessorImpl.invoke(NativeMethodAccessorImpl.java:77)
at java.base/jdk.internal.reflect.DelegatingMethodAccessorImpl.invoke(DelegatingMethodAccessorImpl.java:43)
at java.base/java.lang.reflect.Method.invoke(Method.java:568)
at org.testng.internal.invokers.MethodInvocationHelper.invokeMethod(MethodInvocationHelper.java:139)
at org.testng.internal.invokers.TestInvoker.invokeMethod(TestInvoker.java:664)
at org.testng.internal.invokers.TestInvoker.invokeTestMethod(TestInvoker.java:227)
at org.testng.internal.invokers.MethodRunner.runInSequence(MethodRunner.java:50)
at org.testng.internal.invokers.TestInvoker$MethodInvocationAgent.invoke(TestInvoker.java:957)
at org.testng.internal.invokers.TestInvoker.invokeTestMethods(TestInvoker.java:200)
at org.testng.internal.invokers.TestMethodWorker.invokeTestMethods(TestMethodWorker.java:148)
at org.testng.internal.invokers.TestMethodWorker.run(TestMethodWorker.java:128)
at java.base/java.util.ArrayList.forEach(ArrayList.java:1511)
at org.testng.TestRunner.privateRun(TestRunner.java:848)
at org.testng.TestRunner.run(TestRunner.java:621)
at org.testng.SuiteRunner.runTest(SuiteRunner.java:443)
at org.testng.SuiteRunner.runSequentially(SuiteRunner.java:437)
at org.testng.SuiteRunner.privateRun(SuiteRunner.java:397)
at org.testng.SuiteRunner.run(SuiteRunner.java:336)
at org.testng.SuiteRunnerWorker.runSuite(SuiteRunnerWorker.java:52)
at org.testng.SuiteRunnerWorker.run(SuiteRunnerWorker.java:95)
at org.testng.TestNG.runSuitesSequentially(TestNG.java:1280)
at org.testng.TestNG.runSuitesLocally(TestNG.java:1200)
at org.testng.TestNG.runSuites(TestNG.java:1114)
at org.testng.TestNG.run(TestNG.java:1082)
at org.testng.remote.AbstractRemoteTestNG.run(AbstractRemoteTestNG.java:115)
at org.testng.remote.RemoteTestNG.initAndRun(RemoteTestNG.java:251)
at org.testng.remote.RemoteTestNG.main(RemoteTestNG.java:77)
]]>
    </failure>
    <system-out>
      <![CDATA[This TC6 exicution started....
This TC6 method is fail plz try again]]>
    </system-out>
  </testcase> <!-- TC6 -->
  <system-out>
    <![CDATA[This TC6 exicution started....
This TC6 method is fail plz try again
This TC5 exicution started....
TC5 is running
This TC5 method completed successfully
This TC8 exicution started....
TC8 is running
This TC8 method completed successfully
This TC7 exicution started....
This TC7 TC is skipped.....plz check dependent Method
This TC1 exicution started....
TC1 is running...
This TC1 method completed successfully
This TC2 exicution started....
This TC2 method is fail plz try again
This TC4 exicution started....
TC4 is running...
This TC4 method completed successfully
This TC3 exicution started....
This TC3 TC is skipped.....plz check dependent Method]]>
  </system-out>
</testsuite> <!-- sampleListener.SampleTestTestNGClass2 -->
